# JRE version: OpenJDK Runtime Environment (17.0.11) (build 17.0.11+0--11852314)
# Java VM: OpenJDK 64-Bit Server VM (17.0.11+0--11852314, mixed mode, tiered, compressed oops, compressed class ptrs, g1 gc, windows-amd64)
GC Precious Log:
 CPUs: 8 total, 8 available
 Memory: 7502M
 Large Page Support: Disabled
 NUMA Support: Disabled
 Compressed Oops: Enabled (32-bit)
 Heap Region Size: 1M
 Heap Min Capacity: 8M
 Heap Initial Capacity: 118M
 Heap Max Capacity: 1876M
 Pre-touch: Disabled
 Parallel Workers: 8
 Concurrent Workers: 2
 Concurrent Refinement Workers: 8
 Periodic GC: Disabled
Heap:
 garbage-first heap   total 138240K, used 102763K [0x000000008ac00000, 0x0000000100000000)
  region size 1024K, 35 young (35840K), 5 survivors (5120K)
 Metaspace       used 86357K, committed 86720K, reserved 1179648K
  class space    used 9665K, committed 9856K, reserved 1048576K
GC Heap History (20 events):
Event: 9.302 GC heap before
{Heap before GC invocations=15 (full 0):
 garbage-first heap   total 72704K, used 56904K [0x000000008ac00000, 0x0000000100000000)
  region size 1024K, 21 young (21504K), 3 survivors (3072K)
 Metaspace       used 56403K, committed 56640K, reserved 1114112K
  class space    used 6709K, committed 6784K, reserved 1048576K
}
Event: 9.327 GC heap after
{Heap after GC invocations=16 (full 0):
 garbage-first heap   total 88064K, used 41481K [0x000000008ac00000, 0x0000000100000000)
  region size 1024K, 3 young (3072K), 3 survivors (3072K)
 Metaspace       used 56403K, committed 56640K, reserved 1114112K
  class space    used 6709K, committed 6784K, reserved 1048576K
}
Event: 10.592 GC heap before
{Heap before GC invocations=17 (full 0):
 garbage-first heap   total 88064K, used 66057K [0x000000008ac00000, 0x0000000100000000)
  region size 1024K, 27 young (27648K), 3 survivors (3072K)
 Metaspace       used 58414K, committed 58688K, reserved 1114112K
  class space    used 6988K, committed 7104K, reserved 1048576K
}
Event: 10.611 GC heap after
{Heap after GC invocations=18 (full 0):
 garbage-first heap   total 88064K, used 44659K [0x000000008ac00000, 0x0000000100000000)
  region size 1024K, 3 young (3072K), 3 survivors (3072K)
 Metaspace       used 58414K, committed 58688K, reserved 1114112K
  class space    used 6988K, committed 7104K, reserved 1048576K
}
Event: 10.664 GC heap before
{Heap before GC invocations=18 (full 0):
 garbage-first heap   total 88064K, used 45683K [0x000000008ac00000, 0x0000000100000000)
  region size 1024K, 4 young (4096K), 3 survivors (3072K)
 Metaspace       used 58474K, committed 58752K, reserved 1114112K
  class space    used 6995K, committed 7104K, reserved 1048576K
}
Event: 10.674 GC heap after
{Heap after GC invocations=19 (full 0):
 garbage-first heap   total 88064K, used 44411K [0x000000008ac00000, 0x0000000100000000)
  region size 1024K, 1 young (1024K), 1 survivors (1024K)
 Metaspace       used 58474K, committed 58752K, reserved 1114112K
  class space    used 6995K, committed 7104K, reserved 1048576K
}
Event: 11.594 GC heap before
{Heap before GC invocations=19 (full 0):
 garbage-first heap   total 88064K, used 67963K [0x000000008ac00000, 0x0000000100000000)
  region size 1024K, 24 young (24576K), 1 survivors (1024K)
 Metaspace       used 59685K, committed 59904K, reserved 1114112K
  class space    used 7097K, committed 7168K, reserved 1048576K
}
Event: 11.609 GC heap after
{Heap after GC invocations=20 (full 0):
 garbage-first heap   total 88064K, used 47997K [0x000000008ac00000, 0x0000000100000000)
  region size 1024K, 3 young (3072K), 3 survivors (3072K)
 Metaspace       used 59685K, committed 59904K, reserved 1114112K
  class space    used 7097K, committed 7168K, reserved 1048576K
}
Event: 12.455 GC heap before
{Heap before GC invocations=21 (full 0):
 garbage-first heap   total 88064K, used 67453K [0x000000008ac00000, 0x0000000100000000)
  region size 1024K, 23 young (23552K), 3 survivors (3072K)
 Metaspace       used 60522K, committed 60864K, reserved 1114112K
  class space    used 7174K, committed 7360K, reserved 1048576K
}
Event: 12.474 GC heap after
{Heap after GC invocations=22 (full 0):
 garbage-first heap   total 88064K, used 52006K [0x000000008ac00000, 0x0000000100000000)
  region size 1024K, 3 young (3072K), 3 survivors (3072K)
 Metaspace       used 60522K, committed 60864K, reserved 1114112K
  class space    used 7174K, committed 7360K, reserved 1048576K
}
Event: 12.477 GC heap before
{Heap before GC invocations=22 (full 0):
 garbage-first heap   total 88064K, used 53030K [0x000000008ac00000, 0x0000000100000000)
  region size 1024K, 4 young (4096K), 3 survivors (3072K)
 Metaspace       used 60522K, committed 60864K, reserved 1114112K
  class space    used 7174K, committed 7360K, reserved 1048576K
}
Event: 12.487 GC heap after
{Heap after GC invocations=23 (full 0):
 garbage-first heap   total 138240K, used 51971K [0x000000008ac00000, 0x0000000100000000)
  region size 1024K, 1 young (1024K), 1 survivors (1024K)
 Metaspace       used 60522K, committed 60864K, reserved 1114112K
  class space    used 7174K, committed 7360K, reserved 1048576K
}
Event: 14.921 GC heap before
{Heap before GC invocations=23 (full 0):
 garbage-first heap   total 138240K, used 102147K [0x000000008ac00000, 0x0000000100000000)
  region size 1024K, 50 young (51200K), 1 survivors (1024K)
 Metaspace       used 66473K, committed 66816K, reserved 1114112K
  class space    used 7692K, committed 7872K, reserved 1048576K
}
Event: 14.936 GC heap after
{Heap after GC invocations=24 (full 0):
 garbage-first heap   total 138240K, used 56371K [0x000000008ac00000, 0x0000000100000000)
  region size 1024K, 5 young (5120K), 5 survivors (5120K)
 Metaspace       used 66473K, committed 66816K, reserved 1114112K
  class space    used 7692K, committed 7872K, reserved 1048576K
}
Event: 16.950 GC heap before
{Heap before GC invocations=24 (full 0):
 garbage-first heap   total 138240K, used 102451K [0x000000008ac00000, 0x0000000100000000)
  region size 1024K, 50 young (51200K), 5 survivors (5120K)
 Metaspace       used 70998K, committed 71360K, reserved 1114112K
  class space    used 8195K, committed 8384K, reserved 1048576K
}
Event: 16.975 GC heap after
{Heap after GC invocations=25 (full 0):
 garbage-first heap   total 138240K, used 63585K [0x000000008ac00000, 0x0000000100000000)
  region size 1024K, 7 young (7168K), 7 survivors (7168K)
 Metaspace       used 70998K, committed 71360K, reserved 1114112K
  class space    used 8195K, committed 8384K, reserved 1048576K
}
Event: 18.486 GC heap before
{Heap before GC invocations=25 (full 0):
 garbage-first heap   total 138240K, used 104545K [0x000000008ac00000, 0x0000000100000000)
  region size 1024K, 47 young (48128K), 7 survivors (7168K)
 Metaspace       used 76714K, committed 77120K, reserved 1179648K
  class space    used 8832K, committed 9024K, reserved 1048576K
}
Event: 18.508 GC heap after
{Heap after GC invocations=26 (full 0):
 garbage-first heap   total 138240K, used 68231K [0x000000008ac00000, 0x0000000100000000)
  region size 1024K, 5 young (5120K), 5 survivors (5120K)
 Metaspace       used 76714K, committed 77120K, reserved 1179648K
  class space    used 8832K, committed 9024K, reserved 1048576K
}
Event: 20.051 GC heap before
{Heap before GC invocations=26 (full 0):
 garbage-first heap   total 138240K, used 107143K [0x000000008ac00000, 0x0000000100000000)
  region size 1024K, 43 young (44032K), 5 survivors (5120K)
 Metaspace       used 82528K, committed 82944K, reserved 1179648K
  class space    used 9356K, committed 9536K, reserved 1048576K
}
Event: 20.073 GC heap after
{Heap after GC invocations=27 (full 0):
 garbage-first heap   total 138240K, used 73067K [0x000000008ac00000, 0x0000000100000000)
  region size 1024K, 5 young (5120K), 5 survivors (5120K)
 Metaspace       used 82528K, committed 82944K, reserved 1179648K
  class space    used 9356K, committed 9536K, reserved 1048576K
}

